# JRE version: OpenJDK Runtime Environment Corretto-11.0.12.7.1 (11.0.12+7) (build 11.0.12+7-LTS)
# Java VM: OpenJDK 64-Bit Server VM Corretto-11.0.12.7.1 (11.0.12+7-LTS, mixed mode, tiered, compressed oops, g1 gc, windows-amd64)
Heap:
 garbage-first heap   total 260096K, used 20718K [0x0000000703000000, 0x0000000800000000)
  region size 1024K, 12 young (12288K), 4 survivors (4096K)
 Metaspace       used 27770K, capacity 28860K, committed 29184K, reserved 1075200K
  class space    used 3545K, capacity 4004K, committed 4096K, reserved 1048576K
GC Heap History (6 events):
Event: 0.701 GC heap before
{Heap before GC invocations=0 (full 0):
 garbage-first heap   total 260096K, used 23552K [0x0000000703000000, 0x0000000800000000)
  region size 1024K, 24 young (24576K), 0 survivors (0K)
 Metaspace       used 16203K, capacity 16598K, committed 16896K, reserved 1064960K
  class space    used 1774K, capacity 1945K, committed 2048K, reserved 1048576K
}
Event: 0.706 GC heap after
{Heap after GC invocations=1 (full 0):
 garbage-first heap   total 260096K, used 4258K [0x0000000703000000, 0x0000000800000000)
  region size 1024K, 3 young (3072K), 3 survivors (3072K)
 Metaspace       used 16203K, capacity 16598K, committed 16896K, reserved 1064960K
  class space    used 1774K, capacity 1945K, committed 2048K, reserved 1048576K
}
Event: 1.046 GC heap before
{Heap before GC invocations=1 (full 0):
 garbage-first heap   total 260096K, used 19618K [0x0000000703000000, 0x0000000800000000)
  region size 1024K, 19 young (19456K), 3 survivors (3072K)
 Metaspace       used 20649K, capacity 21222K, committed 21296K, reserved 1069056K
  class space    used 2423K, capacity 2680K, committed 2688K, reserved 1048576K
}
Event: 1.052 GC heap after
{Heap after GC invocations=2 (full 0):
 garbage-first heap   total 260096K, used 7113K [0x0000000703000000, 0x0000000800000000)
  region size 1024K, 6 young (6144K), 6 survivors (6144K)
 Metaspace       used 20649K, capacity 21222K, committed 21296K, reserved 1069056K
  class space    used 2423K, capacity 2680K, committed 2688K, reserved 1048576K
}
Event: 4.383 GC heap before
{Heap before GC invocations=3 (full 0):
 garbage-first heap   total 260096K, used 36809K [0x0000000703000000, 0x0000000800000000)
  region size 1024K, 31 young (31744K), 6 survivors (6144K)
 Metaspace       used 26078K, capacity 27075K, committed 27264K, reserved 1073152K
  class space    used 3231K, capacity 3665K, committed 3712K, reserved 1048576K
}
Event: 4.393 GC heap after
{Heap after GC invocations=4 (full 0):
 garbage-first heap   total 260096K, used 13550K [0x0000000703000000, 0x0000000800000000)
  region size 1024K, 4 young (4096K), 4 survivors (4096K)
 Metaspace       used 26078K, capacity 27075K, committed 27264K, reserved 1073152K
  class space    used 3231K, capacity 3665K, committed 3712K, reserved 1048576K
}

